Using pre-set license
Built from '2021.1/release' branch; Version is '2021.1.0f1 (61a549675243) revision 6399305'; Using compiler version '192528614'; Build Type 'Release'
OS: 'Windows 10 Home; OS build 19043.1348; Version 2009; 64bit' Language: 'en' Physical Memory: 8034 MB
BatchMode: 1, IsHumanControllingUs: 0, StartBugReporterOnCrash: 0, Is64bit: 1, IsPro: 0

 COMMAND LINE ARGUMENTS:
C:\Program Files\Unity\Hub\Editor\2021.1.0f1\Editor\Unity.exe
-adb2
-batchMode
-noUpm
-name
AssetImportWorker0
-projectPath
C:/Users/Johnel/Documents/GitHub/stranded_islands_repo
-logFile
Logs/AssetImportWorker0.log
-srvPort
51631
Successfully changed project path to: C:/Users/Johnel/Documents/GitHub/stranded_islands_repo
C:/Users/Johnel/Documents/GitHub/stranded_islands_repo
Using Asset Import Pipeline V2.
Refreshing native plugins compatible for Editor in 70.61 ms, found 1 plugins.
Preloading 0 native plugins for Editor in 0.00 ms.
Initialize engine version: 2021.1.0f1 (61a549675243)
[Subsystems] Discovering subsystems at path C:/Program Files/Unity/Hub/Editor/2021.1.0f1/Editor/Data/Resources/UnitySubsystems
[Subsystems] Discovering subsystems at path C:/Users/Johnel/Documents/GitHub/stranded_islands_repo/Assets
GfxDevice: creating device client; threaded=0; jobified=0
Direct3D:
    Version:  Direct3D 11.0 [level 11.1]
    Renderer: NVIDIA GeForce GTX 1050 (ID=0x1c8d)
    Vendor:   NVIDIA
    VRAM:     4019 MB
    Driver:   27.21.14.6677
Initialize mono
Mono path[0] = 'C:/Program Files/Unity/Hub/Editor/2021.1.0f1/Editor/Data/Managed'
Mono path[1] = 'C:/Program Files/Unity/Hub/Editor/2021.1.0f1/Editor/Data/MonoBleedingEdge/lib/mono/unityjit'
Mono config path = 'C:/Program Files/Unity/Hub/Editor/2021.1.0f1/Editor/Data/MonoBleedingEdge/etc'
Using monoOptions --debugger-agent=transport=dt_socket,embedding=1,server=y,suspend=n,address=127.0.0.1:56764
Begin MonoManager ReloadAssembly
Registering precompiled unity dll's ...
Register platform support module: C:/Program Files/Unity/Hub/Editor/2021.1.0f1/Editor/Data/PlaybackEngines/WebGLSupport/UnityEditor.WebGL.Extensions.dll
Register platform support module: C:/Program Files/Unity/Hub/Editor/2021.1.0f1/Editor/Data/PlaybackEngines/WindowsStandaloneSupport/UnityEditor.WindowsStandalone.Extensions.dll
Registered in 0.004246 seconds.
Native extension for WindowsStandalone target not found
Native extension for WebGL target not found
Refreshing native plugins compatible for Editor in 81.85 ms, found 1 plugins.
Preloading 0 native plugins for Editor in 0.00 ms.
Mono: successfully reloaded assembly
- Completed reload, in  1.794 seconds
Platform modules already initialized, skipping
Registering precompiled user dll's ...
Registered in 0.004307 seconds.
Begin MonoManager ReloadAssembly
Native extension for WindowsStandalone target not found
Native extension for WebGL target not found
Refreshing native plugins compatible for Editor in 0.51 ms, found 1 plugins.
Preloading 0 native plugins for Editor in 0.00 ms.
Mono: successfully reloaded assembly
- Completed reload, in  0.928 seconds
Platform modules already initialized, skipping
========================================================================
Worker process is ready to serve import requests
Launched and connected shader compiler UnityShaderCompiler.exe after 0.05 seconds
Refreshing native plugins compatible for Editor in 0.53 ms, found 1 plugins.
Preloading 0 native plugins for Editor in 0.00 ms.
Unloading 2791 Unused Serialized files (Serialized files now loaded: 0)
System memory in use before: 106.3 MB.
System memory in use after: 106.5 MB.

Unloading 15 unused Assets to reduce memory usage. Loaded Objects now: 3244.
Total: 2.105800 ms (FindLiveObjects: 0.253800 ms CreateObjectMapping: 0.135300 ms MarkObjects: 1.642400 ms  DeleteObjects: 0.073200 ms)

========================================================================
Received Import Request.
  path: Assets/Models/tree
  artifactKey: Guid(ddd6e987690147349b1342fd00499345) Importer(815301076,1909f56bfc062723c751e8b465ee728b)
Start importing Assets/Models/tree using Guid(ddd6e987690147349b1342fd00499345) Importer(815301076,1909f56bfc062723c751e8b465ee728b)  -> (artifact id: 'c10f0ad1d81d328fdd1f6e5691920cc0') in 0.006641 seconds 
========================================================================
Received Import Request.
  Time since last request: 4.310744 seconds.
  path: Assets/Models/tree/tree.obj
  artifactKey: Guid(6fbb2c3e7fb829449af8887433029779) Importer(815301076,1909f56bfc062723c751e8b465ee728b)
Start importing Assets/Models/tree/tree.obj using Guid(6fbb2c3e7fb829449af8887433029779) Importer(815301076,1909f56bfc062723c751e8b465ee728b)  -> (artifact id: 'fbff981aa0cd2fc9343d162461d6e3b7') in 0.435684 seconds 
========================================================================
Received Import Request.
  Time since last request: 17.742533 seconds.
  path: Assets/Materials/New Material 6.mat
  artifactKey: Guid(1af8c91f0873c0a449ee97980a9b6513) Importer(815301076,1909f56bfc062723c751e8b465ee728b)
Start importing Assets/Materials/New Material 6.mat using Guid(1af8c91f0873c0a449ee97980a9b6513) Importer(815301076,1909f56bfc062723c751e8b465ee728b)  -> (artifact id: '4918a35eec1a2c6e330f112ab888cc11') in 0.294578 seconds 
========================================================================
Received Import Request.
  Time since last request: 69.131772 seconds.
  path: Assets/Models/treefbx
  artifactKey: Guid(f8829a30cb4248142ab159628c918473) Importer(815301076,1909f56bfc062723c751e8b465ee728b)
Start importing Assets/Models/treefbx using Guid(f8829a30cb4248142ab159628c918473) Importer(815301076,1909f56bfc062723c751e8b465ee728b)  -> (artifact id: 'a6951d15d8e538af3c40f941027d4cb4') in 0.014175 seconds 
========================================================================
Received Import Request.
  Time since last request: 0.007433 seconds.
  path: Assets/Models/treefbx/tree.fbx
  artifactKey: Guid(5847ef83cbfba8e449996e1ebbf55113) Importer(815301076,1909f56bfc062723c751e8b465ee728b)
Start importing Assets/Models/treefbx/tree.fbx using Guid(5847ef83cbfba8e449996e1ebbf55113) Importer(815301076,1909f56bfc062723c751e8b465ee728b)  -> (artifact id: '992994367a356153d8aa0abfda551018') in 0.519120 seconds 
========================================================================
Received Prepare
Registering precompiled user dll's ...
Registered in 0.004116 seconds.
Begin MonoManager ReloadAssembly
Native extension for WindowsStandalone target not found
Native extension for WebGL target not found
Refreshing native plugins compatible for Editor in 0.47 ms, found 1 plugins.
Preloading 0 native plugins for Editor in 0.00 ms.
Mono: successfully reloaded assembly
- Completed reload, in  0.845 seconds
Platform modules already initialized, skipping
Refreshing native plugins compatible for Editor in 0.52 ms, found 1 plugins.
Preloading 0 native plugins for Editor in 0.00 ms.
Unloading 2759 Unused Serialized files (Serialized files now loaded: 0)
System memory in use before: 108.2 MB.
System memory in use after: 108.4 MB.

Unloading 10 unused Assets to reduce memory usage. Loaded Objects now: 3290.
Total: 2.900900 ms (FindLiveObjects: 0.229600 ms CreateObjectMapping: 0.111500 ms MarkObjects: 2.487700 ms  DeleteObjects: 0.070700 ms)

========================================================================
Received Import Request.
  Time since last request: 183.117889 seconds.
  path: Assets/Scripts/CubePlacement.cs
  artifactKey: Guid(87ded9e57e449fd489238c2d6efce9dd) Importer(815301076,1909f56bfc062723c751e8b465ee728b)
Start importing Assets/Scripts/CubePlacement.cs using Guid(87ded9e57e449fd489238c2d6efce9dd) Importer(815301076,1909f56bfc062723c751e8b465ee728b)  -> (artifact id: 'eaca11c99a9a8c483fcc017e118dd0cc') in 0.043329 seconds 
========================================================================
Received Prepare
Registering precompiled user dll's ...
Registered in 0.004562 seconds.
Begin MonoManager ReloadAssembly
Native extension for WindowsStandalone target not found
Native extension for WebGL target not found
Refreshing native plugins compatible for Editor in 0.53 ms, found 1 plugins.
Preloading 0 native plugins for Editor in 0.00 ms.
Mono: successfully reloaded assembly
- Completed reload, in  0.932 seconds
Platform modules already initialized, skipping
Refreshing native plugins compatible for Editor in 1.02 ms, found 1 plugins.
Preloading 0 native plugins for Editor in 0.00 ms.
Unloading 2759 Unused Serialized files (Serialized files now loaded: 0)
System memory in use before: 108.3 MB.
System memory in use after: 108.5 MB.

Unloading 10 unused Assets to reduce memory usage. Loaded Objects now: 3293.
Total: 3.865600 ms (FindLiveObjects: 0.352700 ms CreateObjectMapping: 0.217400 ms MarkObjects: 3.214900 ms  DeleteObjects: 0.076100 ms)

========================================================================
Received Import Request.
  Time since last request: 153.950918 seconds.
  path: Assets/Scripts/CubePlacement.cs
  artifactKey: Guid(87ded9e57e449fd489238c2d6efce9dd) Importer(815301076,1909f56bfc062723c751e8b465ee728b)
Start importing Assets/Scripts/CubePlacement.cs using Guid(87ded9e57e449fd489238c2d6efce9dd) Importer(815301076,1909f56bfc062723c751e8b465ee728b)  -> (artifact id: '656617dee21f79c5d2b7147743fd475a') in 0.006121 seconds 
========================================================================
Received Import Request.
  Time since last request: 97.467841 seconds.
  path: Assets/Materials/cel
  artifactKey: Guid(fc8cb5bda5a693f42b0052d1973173b7) Importer(815301076,1909f56bfc062723c751e8b465ee728b)
Start importing Assets/Materials/cel using Guid(fc8cb5bda5a693f42b0052d1973173b7) Importer(815301076,1909f56bfc062723c751e8b465ee728b)  -> (artifact id: '59c99fe26c80d535934ea25cc5d121fa') in 0.006116 seconds 
========================================================================
Received Import Request.
  Time since last request: 297.729057 seconds.
  path: Assets/Materials/cel/NewUnlitShader.shader
  artifactKey: Guid(50ab92f1120246a45b5105114950fec1) Importer(815301076,1909f56bfc062723c751e8b465ee728b)
Start importing Assets/Materials/cel/NewUnlitShader.shader using Guid(50ab92f1120246a45b5105114950fec1) Importer(815301076,1909f56bfc062723c751e8b465ee728b)  -> (artifact id: '607595da6db0706eb2d91d657c867f67') in 0.241430 seconds 
========================================================================
Received Prepare
Registering precompiled user dll's ...
Registered in 0.004761 seconds.
Begin MonoManager ReloadAssembly
Native extension for WindowsStandalone target not found
Native extension for WebGL target not found
Refreshing native plugins compatible for Editor in 81.13 ms, found 1 plugins.
Preloading 0 native plugins for Editor in 0.00 ms.
Mono: successfully reloaded assembly
- Completed reload, in  1.173 seconds
Platform modules already initialized, skipping
Refreshing native plugins compatible for Editor in 0.59 ms, found 1 plugins.
Preloading 0 native plugins for Editor in 0.00 ms.
Unloading 3563 Unused Serialized files (Serialized files now loaded: 0)
System memory in use before: 132.6 MB.
System memory in use after: 132.6 MB.

Unloading 16 unused Assets to reduce memory usage. Loaded Objects now: 4094.
Total: 3.164200 ms (FindLiveObjects: 0.387900 ms CreateObjectMapping: 0.264500 ms MarkObjects: 2.384000 ms  DeleteObjects: 0.126000 ms)

========================================================================
Received Import Request.
  Time since last request: 550.740956 seconds.
  path: Assets/Materials/cel/outline.shadergraph
  artifactKey: Guid(bae8ee2c3b61c0148a3ab79ed4859d35) Importer(815301076,1909f56bfc062723c751e8b465ee728b)
Start importing Assets/Materials/cel/outline.shadergraph using Guid(bae8ee2c3b61c0148a3ab79ed4859d35) Importer(815301076,1909f56bfc062723c751e8b465ee728b)  -> (artifact id: 'dcd5b7564483778a02933ace9f2288d6') in 0.075091 seconds 
========================================================================
Received Import Request.
  Time since last request: 63.296216 seconds.
  path: Assets/Materials/cel/New Shader Sub Graph.shadersubgraph
  artifactKey: Guid(2a5f3a183932935448c1984c44453794) Importer(815301076,1909f56bfc062723c751e8b465ee728b)
Start importing Assets/Materials/cel/New Shader Sub Graph.shadersubgraph using Guid(2a5f3a183932935448c1984c44453794) Importer(815301076,1909f56bfc062723c751e8b465ee728b)  -> (artifact id: '7dd2456e52dd3c203999c98f1537a086') in 0.067454 seconds 
========================================================================
Received Prepare
Registering precompiled user dll's ...
Registered in 0.004259 seconds.
Begin MonoManager ReloadAssembly
Native extension for WindowsStandalone target not found
Native extension for WebGL target not found
Refreshing native plugins compatible for Editor in 0.56 ms, found 1 plugins.
Preloading 0 native plugins for Editor in 0.00 ms.
Mono: successfully reloaded assembly
- Completed reload, in  0.916 seconds
Platform modules already initialized, skipping
Refreshing native plugins compatible for Editor in 0.58 ms, found 1 plugins.
Preloading 0 native plugins for Editor in 0.00 ms.
Unloading 3563 Unused Serialized files (Serialized files now loaded: 0)
System memory in use before: 132.7 MB.
System memory in use after: 132.7 MB.

Unloading 16 unused Assets to reduce memory usage. Loaded Objects now: 4097.
Total: 3.865900 ms (FindLiveObjects: 0.803300 ms CreateObjectMapping: 0.388800 ms MarkObjects: 2.505800 ms  DeleteObjects: 0.166100 ms)

AssetImportWorkerClient::OnTransportError - code=2 error=End of file
