Using pre-set license
Built from '2021.1/release' branch; Version is '2021.1.0f1 (61a549675243) revision 6399305'; Using compiler version '192528614'; Build Type 'Release'
OS: 'Windows 10 Home; OS build 19043.1348; Version 2009; 64bit' Language: 'en' Physical Memory: 8034 MB
BatchMode: 1, IsHumanControllingUs: 0, StartBugReporterOnCrash: 0, Is64bit: 1, IsPro: 0

 COMMAND LINE ARGUMENTS:
C:\Program Files\Unity\Hub\Editor\2021.1.0f1\Editor\Unity.exe
-adb2
-batchMode
-noUpm
-name
AssetImportWorker5
-projectPath
C:/Users/Johnel/Documents/UnityProjects/stranded islands
-logFile
Logs/AssetImportWorker5.log
-srvPort
51600
Successfully changed project path to: C:/Users/Johnel/Documents/UnityProjects/stranded islands
C:/Users/Johnel/Documents/UnityProjects/stranded islands
Using Asset Import Pipeline V2.
Refreshing native plugins compatible for Editor in 74.60 ms, found 1 plugins.
Preloading 0 native plugins for Editor in 0.00 ms.
Initialize engine version: 2021.1.0f1 (61a549675243)
[Subsystems] Discovering subsystems at path C:/Program Files/Unity/Hub/Editor/2021.1.0f1/Editor/Data/Resources/UnitySubsystems
[Subsystems] Discovering subsystems at path C:/Users/Johnel/Documents/UnityProjects/stranded islands/Assets
GfxDevice: creating device client; threaded=0; jobified=0
Direct3D:
    Version:  Direct3D 11.0 [level 11.1]
    Renderer: NVIDIA GeForce GTX 1050 (ID=0x1c8d)
    Vendor:   NVIDIA
    VRAM:     4019 MB
    Driver:   27.21.14.6677
Initialize mono
Mono path[0] = 'C:/Program Files/Unity/Hub/Editor/2021.1.0f1/Editor/Data/Managed'
Mono path[1] = 'C:/Program Files/Unity/Hub/Editor/2021.1.0f1/Editor/Data/MonoBleedingEdge/lib/mono/unityjit'
Mono config path = 'C:/Program Files/Unity/Hub/Editor/2021.1.0f1/Editor/Data/MonoBleedingEdge/etc'
Using monoOptions --debugger-agent=transport=dt_socket,embedding=1,server=y,suspend=n,address=127.0.0.1:56964
Begin MonoManager ReloadAssembly
Registering precompiled unity dll's ...
Register platform support module: C:/Program Files/Unity/Hub/Editor/2021.1.0f1/Editor/Data/PlaybackEngines/WebGLSupport/UnityEditor.WebGL.Extensions.dll
Register platform support module: C:/Program Files/Unity/Hub/Editor/2021.1.0f1/Editor/Data/PlaybackEngines/WindowsStandaloneSupport/UnityEditor.WindowsStandalone.Extensions.dll
Registered in 0.003476 seconds.
Native extension for WindowsStandalone target not found
Native extension for WebGL target not found
Refreshing native plugins compatible for Editor in 76.90 ms, found 1 plugins.
Preloading 0 native plugins for Editor in 0.00 ms.
Mono: successfully reloaded assembly
- Completed reload, in  1.314 seconds
Platform modules already initialized, skipping
Registering precompiled user dll's ...
Registered in 0.004294 seconds.
Begin MonoManager ReloadAssembly
Native extension for WindowsStandalone target not found
Native extension for WebGL target not found
Refreshing native plugins compatible for Editor in 0.53 ms, found 1 plugins.
Preloading 0 native plugins for Editor in 0.00 ms.
Mono: successfully reloaded assembly
- Completed reload, in  0.919 seconds
Platform modules already initialized, skipping
========================================================================
Worker process is ready to serve import requests
Launched and connected shader compiler UnityShaderCompiler.exe after 0.05 seconds
Refreshing native plugins compatible for Editor in 0.65 ms, found 1 plugins.
Preloading 0 native plugins for Editor in 0.00 ms.
Unloading 2791 Unused Serialized files (Serialized files now loaded: 0)
System memory in use before: 106.3 MB.
System memory in use after: 106.5 MB.

Unloading 15 unused Assets to reduce memory usage. Loaded Objects now: 3244.
Total: 1.962900 ms (FindLiveObjects: 0.209700 ms CreateObjectMapping: 0.095100 ms MarkObjects: 1.552900 ms  DeleteObjects: 0.104300 ms)

========================================================================
Received Import Request.
  path: Assets/Models/sg/sg.png
  artifactKey: Guid(6219ec8e675d5864c85787f922740d39) Importer(815301076,1909f56bfc062723c751e8b465ee728b)
Start importing Assets/Models/sg/sg.png using Guid(6219ec8e675d5864c85787f922740d39) Importer(815301076,1909f56bfc062723c751e8b465ee728b)  -> (artifact id: '69ae97c8db17e22640a7b6af065881f6') in 0.178177 seconds 
========================================================================
Received Import Request.
  Time since last request: 0.001009 seconds.
  path: Assets/Models/sg/sg.obj
  artifactKey: Guid(b3673539865ec1545a5e535219f2edff) Importer(815301076,1909f56bfc062723c751e8b465ee728b)
Start importing Assets/Models/sg/sg.obj using Guid(b3673539865ec1545a5e535219f2edff) Importer(815301076,1909f56bfc062723c751e8b465ee728b)  -> (artifact id: '6193fb3d21f740d9db26b8f989d2af81') in 0.843217 seconds 
========================================================================
Received Import Request.
  Time since last request: 564.882794 seconds.
  path: Assets/Models/sg
  artifactKey: Guid(fa40dadfb83fec84ca0d47fbc9ac1e23) Importer(815301076,1909f56bfc062723c751e8b465ee728b)
Start importing Assets/Models/sg using Guid(fa40dadfb83fec84ca0d47fbc9ac1e23) Importer(815301076,1909f56bfc062723c751e8b465ee728b)  -> (artifact id: '9bcbe28ba565ad36fc0c16d222fc509a') in 0.003933 seconds 
========================================================================
Received Import Request.
  Time since last request: 12.732785 seconds.
  path: Assets/Models/New Folder
  artifactKey: Guid(9327d11ebefd077419ac2f73ea27d943) Importer(815301076,1909f56bfc062723c751e8b465ee728b)
Start importing Assets/Models/New Folder using Guid(9327d11ebefd077419ac2f73ea27d943) Importer(815301076,1909f56bfc062723c751e8b465ee728b)  -> (artifact id: '0e8f94829f416f2ce66ebc1d3bc896b5') in 0.005023 seconds 
========================================================================
Received Import Request.
  Time since last request: 5.984701 seconds.
  path: Assets/Models/New Folder/untitled.fbx
  artifactKey: Guid(6f6baeab9ef8d1942bf8d3241c479496) Importer(815301076,1909f56bfc062723c751e8b465ee728b)
Start importing Assets/Models/New Folder/untitled.fbx using Guid(6f6baeab9ef8d1942bf8d3241c479496) Importer(815301076,1909f56bfc062723c751e8b465ee728b)  -> (artifact id: 'e922b8506f4135fd379a7929d9efa5bb') in 0.406489 seconds 
========================================================================
Received Import Request.
  Time since last request: 2.454017 seconds.
  path: Assets/Models/New Folder/sg.png
  artifactKey: Guid(7626ad0fb4aaf5240b39cc08cb5cde37) Importer(815301076,1909f56bfc062723c751e8b465ee728b)
Start importing Assets/Models/New Folder/sg.png using Guid(7626ad0fb4aaf5240b39cc08cb5cde37) Importer(815301076,1909f56bfc062723c751e8b465ee728b)  -> (artifact id: '2b248886b22efe26bd2197a0d8c4aaa7') in 0.025494 seconds 
========================================================================
Received Import Request.
  Time since last request: 0.000757 seconds.
  path: Assets/Models/New Folder/untitled.fbx
  artifactKey: Guid(6f6baeab9ef8d1942bf8d3241c479496) Importer(815301076,1909f56bfc062723c751e8b465ee728b)
Start importing Assets/Models/New Folder/untitled.fbx using Guid(6f6baeab9ef8d1942bf8d3241c479496) Importer(815301076,1909f56bfc062723c751e8b465ee728b)  -> (artifact id: 'fc919d38567d4a0f7dbd1b2194a18fa6') in 0.057416 seconds 
========================================================================
Received Import Request.
  Time since last request: 49.500573 seconds.
  path: Assets/Models/New Folder/untitled.fbx
  artifactKey: Guid(6f6baeab9ef8d1942bf8d3241c479496) Importer(815301076,1909f56bfc062723c751e8b465ee728b)
Start importing Assets/Models/New Folder/untitled.fbx using Guid(6f6baeab9ef8d1942bf8d3241c479496) Importer(815301076,1909f56bfc062723c751e8b465ee728b)  -> (artifact id: 'adf446e6a90988b966908492c40b020f') in 0.030617 seconds 
========================================================================
Received Import Request.
  Time since last request: 24.850824 seconds.
  path: Assets/Models/New Folder/untitled.fbx
  artifactKey: Guid(6f6baeab9ef8d1942bf8d3241c479496) Importer(815301076,1909f56bfc062723c751e8b465ee728b)
Start importing Assets/Models/New Folder/untitled.fbx using Guid(6f6baeab9ef8d1942bf8d3241c479496) Importer(815301076,1909f56bfc062723c751e8b465ee728b)  -> (artifact id: '4aaea01b9e477db01f6775290e15483e') in 0.033073 seconds 
========================================================================
Received Import Request.
  Time since last request: 10.579770 seconds.
  path: Assets/Models/New Folder/untitled.fbx
  artifactKey: Guid(6f6baeab9ef8d1942bf8d3241c479496) Importer(815301076,1909f56bfc062723c751e8b465ee728b)
Start importing Assets/Models/New Folder/untitled.fbx using Guid(6f6baeab9ef8d1942bf8d3241c479496) Importer(815301076,1909f56bfc062723c751e8b465ee728b)  -> (artifact id: '3b06a08459d89b079c36fcaee66517fe') in 0.030884 seconds 
========================================================================
Received Import Request.
  Time since last request: 1213.722262 seconds.
  path: Assets/Models/New Folder/untitled.controller
  artifactKey: Guid(ec77003f8375be844ac7d77c8c890407) Importer(815301076,1909f56bfc062723c751e8b465ee728b)
Start importing Assets/Models/New Folder/untitled.controller using Guid(ec77003f8375be844ac7d77c8c890407) Importer(815301076,1909f56bfc062723c751e8b465ee728b)  -> (artifact id: '6fd260a7088d40df2b366f92d82b91fd') in 0.026985 seconds 
========================================================================
Received Import Request.
  Time since last request: 107.683819 seconds.
  path: Assets/Models/body.controller
  artifactKey: Guid(2206bd0564d114b4db3cea41bfaa6e3a) Importer(815301076,1909f56bfc062723c751e8b465ee728b)
Start importing Assets/Models/body.controller using Guid(2206bd0564d114b4db3cea41bfaa6e3a) Importer(815301076,1909f56bfc062723c751e8b465ee728b)  -> (artifact id: '01d2c27617cd40b6b344b067dab334d0') in 0.068049 seconds 
========================================================================
Received Prepare
Registering precompiled user dll's ...
Registered in 0.004195 seconds.
Begin MonoManager ReloadAssembly
Native extension for WindowsStandalone target not found
Native extension for WebGL target not found
Refreshing native plugins compatible for Editor in 0.48 ms, found 1 plugins.
Preloading 0 native plugins for Editor in 0.00 ms.
Mono: successfully reloaded assembly
- Completed reload, in  0.929 seconds
Platform modules already initialized, skipping
Refreshing native plugins compatible for Editor in 0.49 ms, found 1 plugins.
Preloading 0 native plugins for Editor in 0.00 ms.
Unloading 2760 Unused Serialized files (Serialized files now loaded: 0)
System memory in use before: 125.6 MB.
System memory in use after: 125.8 MB.

Unloading 10 unused Assets to reduce memory usage. Loaded Objects now: 3321.
Total: 2.103600 ms (FindLiveObjects: 0.304400 ms CreateObjectMapping: 0.127400 ms MarkObjects: 1.621600 ms  DeleteObjects: 0.048600 ms)

AssetImportWorkerClient::OnTransportError - code=2 error=End of file
